2022-10-08 00:16:19,313 INFO com.carwash.CarwashAdminMicro.CarwashAdminMicroApplication [restartedMain] Starting CarwashAdminMicroApplication using Java 18 on Aruna with PID 23680 (C:\Users\win10\Desktop\capgemini\UPSKILL\casestudy\Carwash-Admin-Micro\target\classes started by win10 in C:\Users\win10\Desktop\capgemini\UPSKILL\casestudy\Carwash-Admin-Micro)
2022-10-08 00:16:19,324 DEBUG com.carwash.CarwashAdminMicro.CarwashAdminMicroApplication [restartedMain] Running with Spring Boot v2.7.3, Spring v5.3.22
2022-10-08 00:16:19,325 INFO com.carwash.CarwashAdminMicro.CarwashAdminMicroApplication [restartedMain] No active profile set, falling back to 1 default profile: "default"
2022-10-08 00:16:24,304 DEBUG com.carwash.CarwashAdminMicro.util.JwtRequestFilter [restartedMain] Filter 'jwtRequestFilter' configured for use
2022-10-08 00:16:27,692 INFO com.carwash.CarwashAdminMicro.CarwashAdminMicroApplication [restartedMain] Started CarwashAdminMicroApplication in 9.161 seconds (JVM running for 10.298)
2022-10-08 00:18:46,078 INFO com.carwash.CarwashAdminMicro.CarwashAdminMicroApplication [restartedMain] Starting CarwashAdminMicroApplication using Java 18 on Aruna with PID 22976 (C:\Users\win10\Desktop\capgemini\UPSKILL\casestudy\Carwash-Admin-Micro\target\classes started by win10 in C:\Users\win10\Desktop\capgemini\UPSKILL\casestudy\Carwash-Admin-Micro)
2022-10-08 00:18:46,081 DEBUG com.carwash.CarwashAdminMicro.CarwashAdminMicroApplication [restartedMain] Running with Spring Boot v2.7.3, Spring v5.3.22
2022-10-08 00:18:46,083 INFO com.carwash.CarwashAdminMicro.CarwashAdminMicroApplication [restartedMain] No active profile set, falling back to 1 default profile: "default"
2022-10-08 00:18:50,358 DEBUG com.carwash.CarwashAdminMicro.util.JwtRequestFilter [restartedMain] Filter 'jwtRequestFilter' configured for use
2022-10-08 00:18:53,048 INFO com.carwash.CarwashAdminMicro.CarwashAdminMicroApplication [restartedMain] Started CarwashAdminMicroApplication in 7.729 seconds (JVM running for 8.747)
2022-10-08 00:19:37,644 INFO com.carwash.CarwashAdminMicro.CarwashAdminMicroApplication [restartedMain] Starting CarwashAdminMicroApplication using Java 18 on Aruna with PID 18144 (C:\Users\win10\Desktop\capgemini\UPSKILL\casestudy\Carwash-Admin-Micro\target\classes started by win10 in C:\Users\win10\Desktop\capgemini\UPSKILL\casestudy\Carwash-Admin-Micro)
2022-10-08 00:19:37,647 DEBUG com.carwash.CarwashAdminMicro.CarwashAdminMicroApplication [restartedMain] Running with Spring Boot v2.7.3, Spring v5.3.22
2022-10-08 00:19:37,649 INFO com.carwash.CarwashAdminMicro.CarwashAdminMicroApplication [restartedMain] No active profile set, falling back to 1 default profile: "default"
2022-10-08 00:19:41,653 DEBUG com.carwash.CarwashAdminMicro.util.JwtRequestFilter [restartedMain] Filter 'jwtRequestFilter' configured for use
2022-10-08 00:19:44,356 INFO com.carwash.CarwashAdminMicro.CarwashAdminMicroApplication [restartedMain] Started CarwashAdminMicroApplication in 7.429 seconds (JVM running for 8.508)
2022-10-08 00:19:51,568 ERROR org.apache.catalina.core.ContainerBase.[Tomcat].[localhost].[/].[dispatcherServlet] [http-nio-8081-exec-1] Servlet.service() for servlet [dispatcherServlet] in context with path [] threw exception
java.lang.IllegalArgumentException: When allowCredentials is true, allowedOrigins cannot contain the special value "*" since that cannot be set on the "Access-Control-Allow-Origin" response header. To allow credentials to a set of origins, list them explicitly or consider using "allowedOriginPatterns" instead.
	at org.springframework.web.cors.CorsConfiguration.validateAllowCredentials(CorsConfiguration.java:473)
	at org.springframework.web.cors.CorsConfiguration.checkOrigin(CorsConfiguration.java:577)
	at org.springframework.web.cors.DefaultCorsProcessor.checkOrigin(DefaultCorsProcessor.java:174)
	at org.springframework.web.cors.DefaultCorsProcessor.handleInternal(DefaultCorsProcessor.java:116)
	at org.springframework.web.cors.DefaultCorsProcessor.processRequest(DefaultCorsProcessor.java:95)
	at org.springframework.web.filter.CorsFilter.doFilterInternal(CorsFilter.java:87)
	at org.springframework.web.filter.OncePerRequestFilter.doFilter(OncePerRequestFilter.java:117)
	at org.springframework.security.web.FilterChainProxy$VirtualFilterChain.doFilter(FilterChainProxy.java:346)
	at org.springframework.security.web.header.HeaderWriterFilter.doHeadersAfter(HeaderWriterFilter.java:90)
	at org.springframework.security.web.header.HeaderWriterFilter.doFilterInternal(HeaderWriterFilter.java:75)
	at org.springframework.web.filter.OncePerRequestFilter.doFilter(OncePerRequestFilter.java:117)
	at org.springframework.security.web.FilterChainProxy$VirtualFilterChain.doFilter(FilterChainProxy.java:346)
	at org.springframework.security.web.context.SecurityContextPersistenceFilter.doFilter(SecurityContextPersistenceFilter.java:112)
	at org.springframework.security.web.context.SecurityContextPersistenceFilter.doFilter(SecurityContextPersistenceFilter.java:82)
	at org.springframework.security.web.FilterChainProxy$VirtualFilterChain.doFilter(FilterChainProxy.java:346)
	at org.springframework.security.web.context.request.async.WebAsyncManagerIntegrationFilter.doFilterInternal(WebAsyncManagerIntegrationFilter.java:55)
	at org.springframework.web.filter.OncePerRequestFilter.doFilter(OncePerRequestFilter.java:117)
	at org.springframework.security.web.FilterChainProxy$VirtualFilterChain.doFilter(FilterChainProxy.java:346)
	at org.springframework.security.web.session.DisableEncodeUrlFilter.doFilterInternal(DisableEncodeUrlFilter.java:42)
	at org.springframework.web.filter.OncePerRequestFilter.doFilter(OncePerRequestFilter.java:117)
	at org.springframework.security.web.FilterChainProxy$VirtualFilterChain.doFilter(FilterChainProxy.java:346)
	at org.springframework.security.web.FilterChainProxy.doFilterInternal(FilterChainProxy.java:221)
	at org.springframework.security.web.FilterChainProxy.doFilter(FilterChainProxy.java:186)
	at org.springframework.web.filter.DelegatingFilterProxy.invokeDelegate(DelegatingFilterProxy.java:354)
	at org.springframework.web.filter.DelegatingFilterProxy.doFilter(DelegatingFilterProxy.java:267)
	at org.apache.catalina.core.ApplicationFilterChain.internalDoFilter(ApplicationFilterChain.java:189)
	at org.apache.catalina.core.ApplicationFilterChain.doFilter(ApplicationFilterChain.java:162)
	at org.springframework.web.filter.RequestContextFilter.doFilterInternal(RequestContextFilter.java:100)
	at org.springframework.web.filter.OncePerRequestFilter.doFilter(OncePerRequestFilter.java:117)
	at org.apache.catalina.core.ApplicationFilterChain.internalDoFilter(ApplicationFilterChain.java:189)
	at org.apache.catalina.core.ApplicationFilterChain.doFilter(ApplicationFilterChain.java:162)
	at org.springframework.web.filter.FormContentFilter.doFilterInternal(FormContentFilter.java:93)
	at org.springframework.web.filter.OncePerRequestFilter.doFilter(OncePerRequestFilter.java:117)
	at org.apache.catalina.core.ApplicationFilterChain.internalDoFilter(ApplicationFilterChain.java:189)
	at org.apache.catalina.core.ApplicationFilterChain.doFilter(ApplicationFilterChain.java:162)
	at org.springframework.web.filter.CharacterEncodingFilter.doFilterInternal(CharacterEncodingFilter.java:201)
	at org.springframework.web.filter.OncePerRequestFilter.doFilter(OncePerRequestFilter.java:117)
	at org.apache.catalina.core.ApplicationFilterChain.internalDoFilter(ApplicationFilterChain.java:189)
	at org.apache.catalina.core.ApplicationFilterChain.doFilter(ApplicationFilterChain.java:162)
	at org.apache.catalina.core.StandardWrapperValve.invoke(StandardWrapperValve.java:197)
	at org.apache.catalina.core.StandardContextValve.invoke(StandardContextValve.java:97)
	at org.apache.catalina.authenticator.AuthenticatorBase.invoke(AuthenticatorBase.java:541)
	at org.apache.catalina.core.StandardHostValve.invoke(StandardHostValve.java:135)
	at org.apache.catalina.valves.ErrorReportValve.invoke(ErrorReportValve.java:92)
	at org.apache.catalina.core.StandardEngineValve.invoke(StandardEngineValve.java:78)
	at org.apache.catalina.connector.CoyoteAdapter.service(CoyoteAdapter.java:360)
	at org.apache.coyote.http11.Http11Processor.service(Http11Processor.java:399)
	at org.apache.coyote.AbstractProcessorLight.process(AbstractProcessorLight.java:65)
	at org.apache.coyote.AbstractProtocol$ConnectionHandler.process(AbstractProtocol.java:890)
	at org.apache.tomcat.util.net.NioEndpoint$SocketProcessor.doRun(NioEndpoint.java:1789)
	at org.apache.tomcat.util.net.SocketProcessorBase.run(SocketProcessorBase.java:49)
	at org.apache.tomcat.util.threads.ThreadPoolExecutor.runWorker(ThreadPoolExecutor.java:1191)
	at org.apache.tomcat.util.threads.ThreadPoolExecutor$Worker.run(ThreadPoolExecutor.java:659)
	at org.apache.tomcat.util.threads.TaskThread$WrappingRunnable.run(TaskThread.java:61)
	at java.base/java.lang.Thread.run(Thread.java:833)
2022-10-08 00:21:34,459 INFO com.carwash.CarwashAdminMicro.CarwashAdminMicroApplication [restartedMain] Starting CarwashAdminMicroApplication using Java 18 on Aruna with PID 8744 (C:\Users\win10\Desktop\capgemini\UPSKILL\casestudy\Carwash-Admin-Micro\target\classes started by win10 in C:\Users\win10\Desktop\capgemini\UPSKILL\casestudy\Carwash-Admin-Micro)
2022-10-08 00:21:34,462 DEBUG com.carwash.CarwashAdminMicro.CarwashAdminMicroApplication [restartedMain] Running with Spring Boot v2.7.3, Spring v5.3.22
2022-10-08 00:21:34,463 INFO com.carwash.CarwashAdminMicro.CarwashAdminMicroApplication [restartedMain] No active profile set, falling back to 1 default profile: "default"
